TN:
SF:Client\ConvertersTest.js
FN:1,kgsToLbs
FN:11,lbsToKgs
FN:21,feetToCms
FN:31,cmsToFeet
FN:41,fahrenheitToCelsius
FN:52,celsiusToFahrenheit
FN:63,milliliterToOunce
FN:73,ounceToMilliliter
FNF:8
FNH:6
FNDA:1,kgsToLbs
FNDA:1,lbsToKgs
FNDA:1,feetToCms
FNDA:1,cmsToFeet
FNDA:1,fahrenheitToCelsius
FNDA:1,celsiusToFahrenheit
FNDA:0,milliliterToOunce
FNDA:0,ounceToMilliliter
DA:2,1
DA:3,1
DA:4,1
DA:5,1
DA:7,0
DA:8,0
DA:12,1
DA:13,1
DA:14,1
DA:15,1
DA:17,0
DA:18,0
DA:22,1
DA:23,1
DA:24,1
DA:25,1
DA:27,0
DA:28,0
DA:32,1
DA:33,1
DA:34,1
DA:35,1
DA:37,0
DA:38,0
DA:43,1
DA:44,1
DA:45,1
DA:46,1
DA:48,0
DA:49,0
DA:54,1
DA:55,1
DA:56,1
DA:57,1
DA:59,0
DA:60,0
DA:64,0
DA:65,0
DA:66,0
DA:67,0
DA:69,0
DA:70,0
DA:74,0
DA:75,0
DA:76,0
DA:77,0
DA:79,0
DA:80,0
LF:48
LH:24
BRDA:2,0,0,1
BRDA:2,0,1,0
BRDA:2,1,0,1
BRDA:2,1,1,0
BRDA:12,2,0,1
BRDA:12,2,1,0
BRDA:12,3,0,1
BRDA:12,3,1,0
BRDA:22,4,0,1
BRDA:22,4,1,0
BRDA:22,5,0,1
BRDA:22,5,1,0
BRDA:32,6,0,1
BRDA:32,6,1,0
BRDA:32,7,0,1
BRDA:32,7,1,0
BRDA:43,8,0,1
BRDA:43,8,1,0
BRDA:43,9,0,1
BRDA:43,9,1,0
BRDA:54,10,0,1
BRDA:54,10,1,0
BRDA:54,11,0,1
BRDA:54,11,1,0
BRDA:64,12,0,0
BRDA:64,12,1,0
BRDA:64,13,0,0
BRDA:64,13,1,0
BRDA:74,14,0,0
BRDA:74,14,1,0
BRDA:74,15,0,0
BRDA:74,15,1,0
BRF:32
BRH:12
end_of_record
